{"/Users/peterstroessler/Documents/Projects/reactjs-todoapp/src/components/ChooseProject.tsx": {"path":"/Users/peterstroessler/Documents/Projects/reactjs-todoapp/src/components/ChooseProject.tsx","statementMap":{"0":{"start":{"line":6,"column":2},"end":{"line":17,"column":3}},"1":{"start":{"line":7,"column":4},"end":{"line":16,"column":null}},"2":{"start":{"line":19,"column":2},"end":{"line":19,"column":null}},"3":{"start":{"line":22,"column":0},"end":{"line":22,"column":null}}},"fnMap":{"0":{"name":"ChooseProject","decl":{"start":{"line":5,"column":9},"end":{"line":5,"column":22}},"loc":{"start":{"line":5,"column":63},"end":{"line":20,"column":1}}}},"branchMap":{"0":{"loc":{"start":{"line":6,"column":2},"end":{"line":17,"column":3}},"type":"if","locations":[{"start":{"line":6,"column":2},"end":{"line":17,"column":3}}]}},"s":{"0":5,"1":3,"2":2,"3":1},"f":{"0":5},"b":{"0":[3]}}
,"/Users/peterstroessler/Documents/Projects/reactjs-todoapp/src/components/ErrorAlert.tsx": {"path":"/Users/peterstroessler/Documents/Projects/reactjs-todoapp/src/components/ErrorAlert.tsx","statementMap":{"0":{"start":{"line":7,"column":2},"end":{"line":18,"column":null}},"1":{"start":{"line":21,"column":0},"end":{"line":21,"column":null}}},"fnMap":{"0":{"name":"ErrorAlert","decl":{"start":{"line":6,"column":9},"end":{"line":6,"column":19}},"loc":{"start":{"line":6,"column":57},"end":{"line":19,"column":1}}}},"branchMap":{},"s":{"0":4,"1":1},"f":{"0":4},"b":{}}
,"/Users/peterstroessler/Documents/Projects/reactjs-todoapp/src/components/Footer.tsx": {"path":"/Users/peterstroessler/Documents/Projects/reactjs-todoapp/src/components/Footer.tsx","statementMap":{"0":{"start":{"line":2,"column":2},"end":{"line":16,"column":null}},"1":{"start":{"line":19,"column":0},"end":{"line":19,"column":null}}},"fnMap":{"0":{"name":"Footer","decl":{"start":{"line":1,"column":9},"end":{"line":1,"column":15}},"loc":{"start":{"line":1,"column":15},"end":{"line":17,"column":1}}}},"branchMap":{},"s":{"0":3,"1":1},"f":{"0":3},"b":{}}
,"/Users/peterstroessler/Documents/Projects/reactjs-todoapp/src/components/Header.tsx": {"path":"/Users/peterstroessler/Documents/Projects/reactjs-todoapp/src/components/Header.tsx","statementMap":{"0":{"start":{"line":1,"column":0},"end":{"line":1,"column":32}},"1":{"start":{"line":2,"column":0},"end":{"line":2,"column":48}},"2":{"start":{"line":5,"column":38},"end":{"line":5,"column":53}},"3":{"start":{"line":7,"column":21},"end":{"line":9,"column":3}},"4":{"start":{"line":8,"column":4},"end":{"line":8,"column":null}},"5":{"start":{"line":11,"column":2},"end":{"line":89,"column":null}},"6":{"start":{"line":62,"column":31},"end":{"line":62,"column":51}},"7":{"start":{"line":71,"column":31},"end":{"line":71,"column":51}},"8":{"start":{"line":80,"column":31},"end":{"line":80,"column":51}},"9":{"start":{"line":92,"column":0},"end":{"line":92,"column":null}}},"fnMap":{"0":{"name":"Header","decl":{"start":{"line":4,"column":9},"end":{"line":4,"column":15}},"loc":{"start":{"line":4,"column":15},"end":{"line":90,"column":1}}},"1":{"name":"(anonymous_2)","decl":{"start":{"line":7,"column":21},"end":{"line":7,"column":24}},"loc":{"start":{"line":7,"column":26},"end":{"line":9,"column":3}}},"2":{"name":"(anonymous_3)","decl":{"start":{"line":62,"column":25},"end":{"line":62,"column":28}},"loc":{"start":{"line":62,"column":31},"end":{"line":62,"column":51}}},"3":{"name":"(anonymous_4)","decl":{"start":{"line":71,"column":25},"end":{"line":71,"column":28}},"loc":{"start":{"line":71,"column":31},"end":{"line":71,"column":51}}},"4":{"name":"(anonymous_5)","decl":{"start":{"line":80,"column":25},"end":{"line":80,"column":28}},"loc":{"start":{"line":80,"column":31},"end":{"line":80,"column":51}}}},"branchMap":{"0":{"loc":{"start":{"line":54,"column":37},"end":{"line":54,"column":73}},"type":"cond-expr","locations":[{"start":{"line":54,"column":50},"end":{"line":54,"column":68}},{"start":{"line":54,"column":71},"end":{"line":54,"column":73}}]}},"s":{"0":2,"1":2,"2":14,"3":14,"4":5,"5":14,"6":1,"7":1,"8":1,"9":2},"f":{"0":14,"1":5,"2":1,"3":1,"4":1},"b":{"0":[4,10]}}
,"/Users/peterstroessler/Documents/Projects/reactjs-todoapp/src/components/IssueRow.tsx": {"path":"/Users/peterstroessler/Documents/Projects/reactjs-todoapp/src/components/IssueRow.tsx","statementMap":{"0":{"start":{"line":24,"column":2},"end":{"line":114,"column":null}},"1":{"start":{"line":32,"column":28},"end":{"line":32,"column":51}},"2":{"start":{"line":107,"column":25},"end":{"line":107,"column":48}},"3":{"start":{"line":117,"column":0},"end":{"line":117,"column":null}}},"fnMap":{"0":{"name":"IssueRow","decl":{"start":{"line":14,"column":9},"end":{"line":14,"column":17}},"loc":{"start":{"line":23,"column":16},"end":{"line":115,"column":1}}},"1":{"name":"(anonymous_1)","decl":{"start":{"line":32,"column":22},"end":{"line":32,"column":25}},"loc":{"start":{"line":32,"column":28},"end":{"line":32,"column":51}}},"2":{"name":"(anonymous_2)","decl":{"start":{"line":107,"column":19},"end":{"line":107,"column":22}},"loc":{"start":{"line":107,"column":25},"end":{"line":107,"column":48}}}},"branchMap":{"0":{"loc":{"start":{"line":25,"column":19},"end":{"line":25,"column":66}},"type":"cond-expr","locations":[{"start":{"line":25,"column":32},"end":{"line":25,"column":61}},{"start":{"line":25,"column":64},"end":{"line":25,"column":66}}]},"1":{"loc":{"start":{"line":36,"column":21},"end":{"line":36,"column":90}},"type":"cond-expr","locations":[{"start":{"line":36,"column":34},"end":{"line":36,"column":75}},{"start":{"line":36,"column":78},"end":{"line":36,"column":90}}]},"2":{"loc":{"start":{"line":52,"column":9},"end":{"line":58,"column":null}},"type":"binary-expr","locations":[{"start":{"line":52,"column":9},"end":{"line":52,"column":31}},{"start":{"line":53,"column":10},"end":{"line":55,"column":null}}]},"3":{"loc":{"start":{"line":60,"column":9},"end":{"line":66,"column":null}},"type":"binary-expr","locations":[{"start":{"line":60,"column":9},"end":{"line":60,"column":31}},{"start":{"line":61,"column":10},"end":{"line":63,"column":null}}]},"4":{"loc":{"start":{"line":68,"column":9},"end":{"line":74,"column":null}},"type":"binary-expr","locations":[{"start":{"line":68,"column":9},"end":{"line":68,"column":31}},{"start":{"line":69,"column":10},"end":{"line":71,"column":null}}]},"5":{"loc":{"start":{"line":76,"column":9},"end":{"line":82,"column":null}},"type":"binary-expr","locations":[{"start":{"line":76,"column":9},"end":{"line":76,"column":24}},{"start":{"line":77,"column":10},"end":{"line":79,"column":null}}]},"6":{"loc":{"start":{"line":86,"column":9},"end":{"line":100,"column":null}},"type":"cond-expr","locations":[{"start":{"line":87,"column":10},"end":{"line":92,"column":null}},{"start":{"line":95,"column":10},"end":{"line":97,"column":null}}]}},"s":{"0":15,"1":1,"2":1,"3":2},"f":{"0":15,"1":1,"2":1},"b":{"0":[2,13],"1":[2,13],"2":[15,11],"3":[15,2],"4":[15,1],"5":[15,1],"6":[13,2]}}
,"/Users/peterstroessler/Documents/Projects/reactjs-todoapp/src/components/ListProjects.tsx": {"path":"/Users/peterstroessler/Documents/Projects/reactjs-todoapp/src/components/ListProjects.tsx","statementMap":{"0":{"start":{"line":10,"column":32},"end":{"line":13,"column":3}},"1":{"start":{"line":11,"column":27},"end":{"line":11,"column":87}},"2":{"start":{"line":11,"column":74},"end":{"line":11,"column":86}},"3":{"start":{"line":12,"column":4},"end":{"line":12,"column":null}},"4":{"start":{"line":15,"column":2},"end":{"line":48,"column":null}},"5":{"start":{"line":30,"column":10},"end":{"line":30,"column":35}},"6":{"start":{"line":51,"column":0},"end":{"line":51,"column":null}}},"fnMap":{"0":{"name":"ListProjects","decl":{"start":{"line":9,"column":9},"end":{"line":9,"column":21}},"loc":{"start":{"line":9,"column":97},"end":{"line":49,"column":1}}},"1":{"name":"(anonymous_1)","decl":{"start":{"line":10,"column":32},"end":{"line":10,"column":33}},"loc":{"start":{"line":10,"column":76},"end":{"line":13,"column":3}}},"2":{"name":"(anonymous_2)","decl":{"start":{"line":11,"column":64},"end":{"line":11,"column":70}},"loc":{"start":{"line":11,"column":74},"end":{"line":11,"column":86}}},"3":{"name":"(anonymous_3)","decl":{"start":{"line":29,"column":22},"end":{"line":29,"column":29}},"loc":{"start":{"line":30,"column":10},"end":{"line":30,"column":35}}}},"branchMap":{"0":{"loc":{"start":{"line":35,"column":7},"end":{"line":39,"column":null}},"type":"binary-expr","locations":[{"start":{"line":35,"column":7},"end":{"line":35,"column":28}},{"start":{"line":36,"column":8},"end":{"line":37,"column":null}}]},"1":{"loc":{"start":{"line":41,"column":7},"end":{"line":45,"column":null}},"type":"binary-expr","locations":[{"start":{"line":41,"column":7},"end":{"line":41,"column":34}},{"start":{"line":42,"column":8},"end":{"line":44,"column":null}}]},"2":{"loc":{"start":{"line":44,"column":44},"end":{"line":44,"column":84}},"type":"cond-expr","locations":[{"start":{"line":44,"column":76},"end":{"line":44,"column":79}},{"start":{"line":44,"column":82},"end":{"line":44,"column":84}}]}},"s":{"0":8,"1":2,"2":3,"3":2,"4":8,"5":21,"6":1},"f":{"0":8,"1":2,"2":3,"3":21},"b":{"0":[8,1],"1":[8,2],"2":[2,0]}}
,"/Users/peterstroessler/Documents/Projects/reactjs-todoapp/src/components/Loading.tsx": {"path":"/Users/peterstroessler/Documents/Projects/reactjs-todoapp/src/components/Loading.tsx","statementMap":{"0":{"start":{"line":2,"column":2},"end":{"line":12,"column":null}},"1":{"start":{"line":15,"column":0},"end":{"line":15,"column":null}}},"fnMap":{"0":{"name":"Loading","decl":{"start":{"line":1,"column":9},"end":{"line":1,"column":16}},"loc":{"start":{"line":1,"column":16},"end":{"line":13,"column":1}}}},"branchMap":{},"s":{"0":2,"1":1},"f":{"0":2},"b":{}}
}
