TN:
SF:src/components/ChooseProject.tsx
FN:5,ChooseProject
FNF:1
FNH:1
FNDA:5,ChooseProject
DA:6,5
DA:7,3
DA:19,2
DA:22,1
LF:4
LH:4
BRDA:6,0,0,3
BRF:1
BRH:1
end_of_record
TN:
SF:src/components/ErrorAlert.tsx
FN:6,ErrorAlert
FNF:1
FNH:1
FNDA:4,ErrorAlert
DA:7,4
DA:21,1
LF:2
LH:2
BRF:0
BRH:0
end_of_record
TN:
SF:src/components/Footer.tsx
FN:1,Footer
FNF:1
FNH:1
FNDA:3,Footer
DA:2,3
DA:19,1
LF:2
LH:2
BRF:0
BRH:0
end_of_record
TN:
SF:src/components/Header.tsx
FN:4,Header
FN:7,(anonymous_2)
FN:62,(anonymous_3)
FN:71,(anonymous_4)
FN:80,(anonymous_5)
FNF:5
FNH:5
FNDA:14,Header
FNDA:5,(anonymous_2)
FNDA:1,(anonymous_3)
FNDA:1,(anonymous_4)
FNDA:1,(anonymous_5)
DA:1,2
DA:2,2
DA:5,14
DA:7,14
DA:8,5
DA:11,14
DA:62,1
DA:71,1
DA:80,1
DA:92,2
LF:10
LH:10
BRDA:54,0,0,4
BRDA:54,0,1,10
BRF:2
BRH:2
end_of_record
TN:
SF:src/components/IssueRow.tsx
FN:14,IssueRow
FN:32,(anonymous_1)
FN:107,(anonymous_2)
FNF:3
FNH:3
FNDA:15,IssueRow
FNDA:1,(anonymous_1)
FNDA:1,(anonymous_2)
DA:24,15
DA:32,1
DA:107,1
DA:117,2
LF:4
LH:4
BRDA:25,0,0,2
BRDA:25,0,1,13
BRDA:36,1,0,2
BRDA:36,1,1,13
BRDA:52,2,0,15
BRDA:52,2,1,11
BRDA:60,3,0,15
BRDA:60,3,1,2
BRDA:68,4,0,15
BRDA:68,4,1,1
BRDA:76,5,0,15
BRDA:76,5,1,1
BRDA:86,6,0,13
BRDA:86,6,1,2
BRF:14
BRH:14
end_of_record
TN:
SF:src/components/ListProjects.tsx
FN:9,ListProjects
FN:10,(anonymous_1)
FN:11,(anonymous_2)
FN:29,(anonymous_3)
FNF:4
FNH:4
FNDA:8,ListProjects
FNDA:2,(anonymous_1)
FNDA:3,(anonymous_2)
FNDA:21,(anonymous_3)
DA:10,8
DA:11,3
DA:12,2
DA:15,8
DA:30,21
DA:51,1
LF:6
LH:6
BRDA:35,0,0,8
BRDA:35,0,1,1
BRDA:41,1,0,8
BRDA:41,1,1,2
BRDA:44,2,0,2
BRDA:44,2,1,0
BRF:6
BRH:5
end_of_record
TN:
SF:src/components/Loading.tsx
FN:1,Loading
FNF:1
FNH:1
FNDA:2,Loading
DA:2,2
DA:15,1
LF:2
LH:2
BRF:0
BRH:0
end_of_record
